<?xml version="1.0" encoding="UTF-8"?>
<!-- Generated by org.testng.reporters.JUnitReportReporter -->
<testsuite skipped="0" hostname="GGN000190162001" name="Tests.HomePageTest" tests="3" failures="0" timestamp="29 Dec 2019 07:12:59 GMT" time="3.969" errors="0">
  <testcase name="searchForFlight" time="0.481" classname="Tests.HomePageTest"/>
  <testcase name="checkTitle" time="1.042" classname="Tests.HomePageTest"/>
  <testcase name="getTabsOfHomePage" time="2.446" classname="Tests.HomePageTest"/>
</testsuite> <!-- Tests.HomePageTest -->
