<?xml version="1.0" encoding="UTF-8"?>
<!-- Generated by org.testng.reporters.JUnitReportReporter -->
<testsuite skipped="0" hostname="GGN000190162001" name="Tests.HomePageTest" tests="8" failures="0" timestamp="30 Dec 2019 10:43:21 GMT" time="9.039" errors="0">
  <testcase name="DataProviderUseInTestNG" time="0.434" classname="Tests.HomePageTest"/>
  <testcase name="DataProviderUseInTestNG" time="0.518" classname="Tests.HomePageTest"/>
  <testcase name="searchForFlight" time="3.574" classname="Tests.HomePageTest"/>
  <testcase name="DataProviderUseInTestNG" time="1.253" classname="Tests.HomePageTest"/>
  <testcase name="DataProviderUseInTestNG" time="0.807" classname="Tests.HomePageTest"/>
  <testcase name="ParameterInTestNGUse" time="0.535" classname="Tests.HomePageTest"/>
  <testcase name="DataProviderUseInTestNG" time="0.516" classname="Tests.HomePageTest"/>
  <testcase name="checkTitle" time="1.402" classname="Tests.HomePageTest"/>
</testsuite> <!-- Tests.HomePageTest -->
